----------------------------------------------------------------
Fri Apr 15 16:51:48 CDT 2022:
Booting Derby version The Apache Software Foundation - Apache Derby - 10.14.2.0 - (1828579): instance a816c00e-0180-2f35-fc5f-00000f401a00 
on database directory /home/jmoore/GitRepo/Snake/ChargerSnake/LeaderBoard with class loader jdk.internal.loader.ClassLoaders$AppClassLoader@55054057 
Loaded from file:/home/jmoore/db-derby-10.14.2.0-bin/lib/derby.jar
java.vendor=Ubuntu
java.runtime.version=11.0.14.1+1-Ubuntu-0ubuntu1.20.04
user.dir=/home/jmoore/GitRepo/Snake/ChargerSnake
os.name=Linux
os.arch=amd64
os.version=5.13.0-39-generic
derby.system.home=null
Database Class Loader started - derby.database.classpath=''
----------------------------------------------------------------
Fri Apr 15 16:51:49 CDT 2022:
Shutting down instance a816c00e-0180-2f35-fc5f-00000f401a00 on database directory /home/jmoore/GitRepo/Snake/ChargerSnake/LeaderBoard with class loader jdk.internal.loader.ClassLoaders$AppClassLoader@55054057 
----------------------------------------------------------------
Fri Apr 15 16:52:13 CDT 2022:
Booting Derby version The Apache Software Foundation - Apache Derby - 10.14.2.0 - (1828579): instance b8450018-0180-2f35-fc5f-00000f401a00 
on database directory /home/jmoore/GitRepo/Snake/ChargerSnake/LeaderBoard with class loader jdk.internal.loader.ClassLoaders$AppClassLoader@55054057 
Loaded from file:/home/jmoore/db-derby-10.14.2.0-bin/lib/derby.jar
java.vendor=Ubuntu
java.runtime.version=11.0.14.1+1-Ubuntu-0ubuntu1.20.04
user.dir=/home/jmoore/GitRepo/Snake/ChargerSnake
os.name=Linux
os.arch=amd64
os.version=5.13.0-39-generic
derby.system.home=null
Database Class Loader started - derby.database.classpath=''
----------------------------------------------------------------
Fri Apr 15 16:52:13 CDT 2022:
Shutting down instance b8450018-0180-2f35-fc5f-00000f401a00 on database directory /home/jmoore/GitRepo/Snake/ChargerSnake/LeaderBoard with class loader jdk.internal.loader.ClassLoaders$AppClassLoader@55054057 
----------------------------------------------------------------
Fri Apr 15 16:52:33 CDT 2022:
Booting Derby version The Apache Software Foundation - Apache Derby - 10.14.2.0 - (1828579): instance 888c4022-0180-2f35-fc5f-00000f401a00 
on database directory /home/jmoore/GitRepo/Snake/ChargerSnake/LeaderBoard with class loader jdk.internal.loader.ClassLoaders$AppClassLoader@55054057 
Loaded from file:/home/jmoore/db-derby-10.14.2.0-bin/lib/derby.jar
java.vendor=Ubuntu
java.runtime.version=11.0.14.1+1-Ubuntu-0ubuntu1.20.04
user.dir=/home/jmoore/GitRepo/Snake/ChargerSnake
os.name=Linux
os.arch=amd64
os.version=5.13.0-39-generic
derby.system.home=null
Database Class Loader started - derby.database.classpath=''
----------------------------------------------------------------
Fri Apr 15 16:52:33 CDT 2022:
Shutting down instance 888c4022-0180-2f35-fc5f-00000f401a00 on database directory /home/jmoore/GitRepo/Snake/ChargerSnake/LeaderBoard with class loader jdk.internal.loader.ClassLoaders$AppClassLoader@55054057 
